Wed Oct 10 11:04:43 MDT 2018  [debug] AvalonLogSystem initialized using logfile 'velocity.log'
Wed Oct 10 11:04:43 MDT 2018   [info] ************************************************************** 
Wed Oct 10 11:04:43 MDT 2018   [info] Starting Jakarta Velocity v1.4
Wed Oct 10 11:04:43 MDT 2018   [info] RuntimeInstance initializing.
Wed Oct 10 11:04:43 MDT 2018   [info] Default Properties File: org/apache/velocity/runtime/defaults/velocity.properties
Wed Oct 10 11:04:43 MDT 2018   [info] Trying to use logger class org.apache.velocity.runtime.log.AvalonLogSystem
Wed Oct 10 11:04:43 MDT 2018   [info] Using logger class org.apache.velocity.runtime.log.AvalonLogSystem
Wed Oct 10 11:04:43 MDT 2018   [info] Default ResourceManager initializing. (class org.apache.velocity.runtime.resource.ResourceManagerImpl)
Wed Oct 10 11:04:43 MDT 2018   [info] Resource Loader Instantiated: org.apache.velocity.runtime.resource.loader.ClasspathResourceLoader
Wed Oct 10 11:04:43 MDT 2018   [info] ClasspathResourceLoader : initialization starting.
Wed Oct 10 11:04:43 MDT 2018   [info] ClasspathResourceLoader : initialization complete.
Wed Oct 10 11:04:43 MDT 2018   [info] ResourceCache : initialized. (class org.apache.velocity.runtime.resource.ResourceCacheImpl)
Wed Oct 10 11:04:43 MDT 2018   [info] Default ResourceManager initialization complete.
Wed Oct 10 11:04:43 MDT 2018   [info] Loaded System Directive: org.apache.velocity.runtime.directive.Literal
Wed Oct 10 11:04:43 MDT 2018   [info] Loaded System Directive: org.apache.velocity.runtime.directive.Macro
Wed Oct 10 11:04:43 MDT 2018   [info] Loaded System Directive: org.apache.velocity.runtime.directive.Parse
Wed Oct 10 11:04:43 MDT 2018   [info] Loaded System Directive: org.apache.velocity.runtime.directive.Include
Wed Oct 10 11:04:43 MDT 2018   [info] Loaded System Directive: org.apache.velocity.runtime.directive.Foreach
Wed Oct 10 11:04:43 MDT 2018   [info] Created: 20 parsers.
Wed Oct 10 11:04:43 MDT 2018   [info] Velocimacro : initialization starting.
Wed Oct 10 11:04:43 MDT 2018   [info] Velocimacro : adding VMs from VM library template : VM_global_library.vm
Wed Oct 10 11:04:43 MDT 2018  [error] ResourceManager : unable to find resource 'VM_global_library.vm' in any resource loader.
Wed Oct 10 11:04:43 MDT 2018   [info] Velocimacro : error using  VM library template VM_global_library.vm : org.apache.velocity.exception.ResourceNotFoundException: Unable to find resource 'VM_global_library.vm'
Wed Oct 10 11:04:43 MDT 2018   [info] Velocimacro :  VM library template macro registration complete.
Wed Oct 10 11:04:43 MDT 2018   [info] Velocimacro : allowInline = true : VMs can be defined inline in templates
Wed Oct 10 11:04:43 MDT 2018   [info] Velocimacro : allowInlineToOverride = false : VMs defined inline may NOT replace previous VM definitions
Wed Oct 10 11:04:43 MDT 2018   [info] Velocimacro : allowInlineLocal = false : VMs defined inline will be  global in scope if allowed.
Wed Oct 10 11:04:43 MDT 2018   [info] Velocimacro : messages on  : VM system will output logging messages
Wed Oct 10 11:04:43 MDT 2018   [info] Velocimacro : autoload off  : VM system will not automatically reload global library macros
Wed Oct 10 11:04:43 MDT 2018   [info] Velocimacro : initialization complete.
Wed Oct 10 11:04:43 MDT 2018   [info] Velocity successfully started.
Wed Oct 10 11:04:43 MDT 2018   [info] ResourceManager : found com/meinc/mrsoa/service/assembler/osgi-mrsoa-service.java.vm with loader org.apache.velocity.runtime.resource.loader.ClasspathResourceLoader
Wed Oct 10 11:04:43 MDT 2018   [info] ResourceManager : found com/meinc/mrsoa/service/assembler/client-mrsoa-proxy-stub.java.vm with loader org.apache.velocity.runtime.resource.loader.ClasspathResourceLoader
Wed Oct 10 11:04:43 MDT 2018   [info] ResourceManager : found com/meinc/mrsoa/service/assembler/osgi-mrsoa-service.java.vm with loader org.apache.velocity.runtime.resource.loader.ClasspathResourceLoader
Wed Oct 10 11:04:43 MDT 2018   [info] ResourceManager : found com/meinc/mrsoa/service/assembler/client-mrsoa-proxy-stub.java.vm with loader org.apache.velocity.runtime.resource.loader.ClasspathResourceLoader
Wed Oct 10 11:04:43 MDT 2018   [info] ResourceManager : found com/meinc/mrsoa/service/assembler/osgi-activator.java.vm with loader org.apache.velocity.runtime.resource.loader.ClasspathResourceLoader
